[1 of 2] Compiling Main             ( /private/var/folders/mq/g4_4zbjd2_j9n60c3kjvqpw8kxwj8l/T/stack-dffa9bb7b97b2154/comonad-5.0.1/Setup.lhs, /private/var/folders/mq/g4_4zbjd2_j9n60c3kjvqpw8kxwj8l/T/stack-dffa9bb7b97b2154/comonad-5.0.1/.stack-work/dist/x86_64-osx/Cabal-1.24.2.0/setup/Main.o )
[2 of 2] Compiling StackSetupShim   ( /Users/kitamura/.stack/setup-exe-src/setup-shim-mPHDZzAJ.hs, /private/var/folders/mq/g4_4zbjd2_j9n60c3kjvqpw8kxwj8l/T/stack-dffa9bb7b97b2154/comonad-5.0.1/.stack-work/dist/x86_64-osx/Cabal-1.24.2.0/setup/StackSetupShim.o )
Linking /private/var/folders/mq/g4_4zbjd2_j9n60c3kjvqpw8kxwj8l/T/stack-dffa9bb7b97b2154/comonad-5.0.1/.stack-work/dist/x86_64-osx/Cabal-1.24.2.0/setup/setup ...

In file included from /var/folders/mq/g4_4zbjd2_j9n60c3kjvqpw8kxwj8l/T/ghc72953_0/ghc_10.c:1:0: error:
    

In file included from /Users/kitamura/.stack/programs/x86_64-osx/ghc-8.0.2/lib/ghc-8.0.2/include/Rts.h:217:0: error:
    

/Users/kitamura/.stack/programs/x86_64-osx/ghc-8.0.2/lib/ghc-8.0.2/include/rts/storage/ClosureMacros.h:505:5: error:
     warning: macro expansion producing 'defined' has undefined behavior [-Wexpansion-to-defined]
#if ZERO_SLOP_FOR_LDV_PROF || ZERO_SLOP_FOR_SANITY_CHECK
    ^

/Users/kitamura/.stack/programs/x86_64-osx/ghc-8.0.2/lib/ghc-8.0.2/include/rts/storage/ClosureMacros.h:502:37: error:
     note: expanded from macro 'ZERO_SLOP_FOR_LDV_PROF'
#define ZERO_SLOP_FOR_LDV_PROF     (defined(PROFILING))
                                    ^

/Users/kitamura/.stack/programs/x86_64-osx/ghc-8.0.2/lib/ghc-8.0.2/include/rts/storage/ClosureMacros.h:505:31: error:
     warning: macro expansion producing 'defined' has undefined behavior [-Wexpansion-to-defined]
#if ZERO_SLOP_FOR_LDV_PROF || ZERO_SLOP_FOR_SANITY_CHECK
                              ^

/Users/kitamura/.stack/programs/x86_64-osx/ghc-8.0.2/lib/ghc-8.0.2/include/rts/storage/ClosureMacros.h:503:37: error:
     note: expanded from macro 'ZERO_SLOP_FOR_SANITY_CHECK'
#define ZERO_SLOP_FOR_SANITY_CHECK (defined(DEBUG) && !defined(THREADED_RTS))
                                    ^

/Users/kitamura/.stack/programs/x86_64-osx/ghc-8.0.2/lib/ghc-8.0.2/include/rts/storage/ClosureMacros.h:505:31: error:
     warning: macro expansion producing 'defined' has undefined behavior [-Wexpansion-to-defined]

/Users/kitamura/.stack/programs/x86_64-osx/ghc-8.0.2/lib/ghc-8.0.2/include/rts/storage/ClosureMacros.h:503:56: error:
     note: expanded from macro 'ZERO_SLOP_FOR_SANITY_CHECK'
#define ZERO_SLOP_FOR_SANITY_CHECK (defined(DEBUG) && !defined(THREADED_RTS))
                                                       ^

/Users/kitamura/.stack/programs/x86_64-osx/ghc-8.0.2/lib/ghc-8.0.2/include/rts/storage/ClosureMacros.h:523:5: error:
     warning: macro expansion producing 'defined' has undefined behavior [-Wexpansion-to-defined]
#if ZERO_SLOP_FOR_LDV_PROF && !ZERO_SLOP_FOR_SANITY_CHECK
    ^

/Users/kitamura/.stack/programs/x86_64-osx/ghc-8.0.2/lib/ghc-8.0.2/include/rts/storage/ClosureMacros.h:502:37: error:
     note: expanded from macro 'ZERO_SLOP_FOR_LDV_PROF'
#define ZERO_SLOP_FOR_LDV_PROF     (defined(PROFILING))
                                    ^

/Users/kitamura/.stack/programs/x86_64-osx/ghc-8.0.2/lib/ghc-8.0.2/include/rts/storage/ClosureMacros.h:523:32: error:
     warning: macro expansion producing 'defined' has undefined behavior [-Wexpansion-to-defined]
#if ZERO_SLOP_FOR_LDV_PROF && !ZERO_SLOP_FOR_SANITY_CHECK
                               ^

/Users/kitamura/.stack/programs/x86_64-osx/ghc-8.0.2/lib/ghc-8.0.2/include/rts/storage/ClosureMacros.h:503:37: error:
     note: expanded from macro 'ZERO_SLOP_FOR_SANITY_CHECK'
#define ZERO_SLOP_FOR_SANITY_CHECK (defined(DEBUG) && !defined(THREADED_RTS))
                                    ^

/Users/kitamura/.stack/programs/x86_64-osx/ghc-8.0.2/lib/ghc-8.0.2/include/rts/storage/ClosureMacros.h:523:32: error:
     warning: macro expansion producing 'defined' has undefined behavior [-Wexpansion-to-defined]

/Users/kitamura/.stack/programs/x86_64-osx/ghc-8.0.2/lib/ghc-8.0.2/include/rts/storage/ClosureMacros.h:503:56: error:
     note: expanded from macro 'ZERO_SLOP_FOR_SANITY_CHECK'
#define ZERO_SLOP_FOR_SANITY_CHECK (defined(DEBUG) && !defined(THREADED_RTS))
                                                       ^

/Users/kitamura/.stack/programs/x86_64-osx/ghc-8.0.2/lib/ghc-8.0.2/include/rts/storage/ClosureMacros.h:552:5: error:
     warning: macro expansion producing 'defined' has undefined behavior [-Wexpansion-to-defined]
#if ZERO_SLOP_FOR_LDV_PROF && !ZERO_SLOP_FOR_SANITY_CHECK
    ^

/Users/kitamura/.stack/programs/x86_64-osx/ghc-8.0.2/lib/ghc-8.0.2/include/rts/storage/ClosureMacros.h:502:37: error:
     note: expanded from macro 'ZERO_SLOP_FOR_LDV_PROF'
#define ZERO_SLOP_FOR_LDV_PROF     (defined(PROFILING))
                                    ^

/Users/kitamura/.stack/programs/x86_64-osx/ghc-8.0.2/lib/ghc-8.0.2/include/rts/storage/ClosureMacros.h:552:32: error:
     warning: macro expansion producing 'defined' has undefined behavior [-Wexpansion-to-defined]
#if ZERO_SLOP_FOR_LDV_PROF && !ZERO_SLOP_FOR_SANITY_CHECK
                               ^

/Users/kitamura/.stack/programs/x86_64-osx/ghc-8.0.2/lib/ghc-8.0.2/include/rts/storage/ClosureMacros.h:503:37: error:
     note: expanded from macro 'ZERO_SLOP_FOR_SANITY_CHECK'
#define ZERO_SLOP_FOR_SANITY_CHECK (defined(DEBUG) && !defined(THREADED_RTS))
                                    ^

/Users/kitamura/.stack/programs/x86_64-osx/ghc-8.0.2/lib/ghc-8.0.2/include/rts/storage/ClosureMacros.h:552:32: error:
     warning: macro expansion producing 'defined' has undefined behavior [-Wexpansion-to-defined]

/Users/kitamura/.stack/programs/x86_64-osx/ghc-8.0.2/lib/ghc-8.0.2/include/rts/storage/ClosureMacros.h:503:56: error:
     note: expanded from macro 'ZERO_SLOP_FOR_SANITY_CHECK'
#define ZERO_SLOP_FOR_SANITY_CHECK (defined(DEBUG) && !defined(THREADED_RTS))
                                                       ^
9 warnings generated.
clang: warning: argument unused during compilation: '-nopie' [-Wunused-command-line-argument]
Configuring comonad-5.0.1...
Building comonad-5.0.1...
Preprocessing library comonad-5.0.1...
[ 1 of 15] Compiling Data.Functor.Composition ( src/Data/Functor/Composition.hs, .stack-work/dist/x86_64-osx/Cabal-1.24.2.0/build/Data/Functor/Composition.o )
[ 2 of 15] Compiling Control.Comonad.Trans.Identity ( src/Control/Comonad/Trans/Identity.hs, .stack-work/dist/x86_64-osx/Cabal-1.24.2.0/build/Control/Comonad/Trans/Identity.o )
[ 3 of 15] Compiling Control.Comonad  ( src/Control/Comonad.hs, .stack-work/dist/x86_64-osx/Cabal-1.24.2.0/build/Control/Comonad.o )
[ 4 of 15] Compiling Control.Comonad.Hoist.Class ( src/Control/Comonad/Hoist/Class.hs, .stack-work/dist/x86_64-osx/Cabal-1.24.2.0/build/Control/Comonad/Hoist/Class.o )
[ 5 of 15] Compiling Control.Comonad.Identity ( src/Control/Comonad/Identity.hs, .stack-work/dist/x86_64-osx/Cabal-1.24.2.0/build/Control/Comonad/Identity.o )
[ 6 of 15] Compiling Control.Comonad.Trans.Class ( src/Control/Comonad/Trans/Class.hs, .stack-work/dist/x86_64-osx/Cabal-1.24.2.0/build/Control/Comonad/Trans/Class.o )
[ 7 of 15] Compiling Control.Comonad.Trans.Env ( src/Control/Comonad/Trans/Env.hs, .stack-work/dist/x86_64-osx/Cabal-1.24.2.0/build/Control/Comonad/Trans/Env.o )
[ 8 of 15] Compiling Control.Comonad.Trans.Store ( src/Control/Comonad/Trans/Store.hs, .stack-work/dist/x86_64-osx/Cabal-1.24.2.0/build/Control/Comonad/Trans/Store.o )
[ 9 of 15] Compiling Control.Comonad.Trans.Traced ( src/Control/Comonad/Trans/Traced.hs, .stack-work/dist/x86_64-osx/Cabal-1.24.2.0/build/Control/Comonad/Trans/Traced.o )
[10 of 15] Compiling Control.Comonad.Env.Class ( src/Control/Comonad/Env/Class.hs, .stack-work/dist/x86_64-osx/Cabal-1.24.2.0/build/Control/Comonad/Env/Class.o )
[11 of 15] Compiling Control.Comonad.Env ( src/Control/Comonad/Env.hs, .stack-work/dist/x86_64-osx/Cabal-1.24.2.0/build/Control/Comonad/Env.o )
[12 of 15] Compiling Control.Comonad.Store.Class ( src/Control/Comonad/Store/Class.hs, .stack-work/dist/x86_64-osx/Cabal-1.24.2.0/build/Control/Comonad/Store/Class.o )
[13 of 15] Compiling Control.Comonad.Store ( src/Control/Comonad/Store.hs, .stack-work/dist/x86_64-osx/Cabal-1.24.2.0/build/Control/Comonad/Store.o )
[14 of 15] Compiling Control.Comonad.Traced.Class ( src/Control/Comonad/Traced/Class.hs, .stack-work/dist/x86_64-osx/Cabal-1.24.2.0/build/Control/Comonad/Traced/Class.o )
[15 of 15] Compiling Control.Comonad.Traced ( src/Control/Comonad/Traced.hs, .stack-work/dist/x86_64-osx/Cabal-1.24.2.0/build/Control/Comonad/Traced.o )
Installing library in
/Users/kitamura/.stack/snapshots/x86_64-osx/lts-8.24/8.0.2/lib/x86_64-osx-ghc-8.0.2/comonad-5.0.1-7j4AeOMTFovFSFO9XMFm1
Registering comonad-5.0.1...
