[1 of 2] Compiling Main             ( /private/var/folders/mq/g4_4zbjd2_j9n60c3kjvqpw8kxwj8l/T/stack-dffa9bb7b97b2154/semigroupoids-5.1/Setup.lhs, /private/var/folders/mq/g4_4zbjd2_j9n60c3kjvqpw8kxwj8l/T/stack-dffa9bb7b97b2154/semigroupoids-5.1/.stack-work/dist/x86_64-osx/Cabal-1.24.2.0/setup/Main.o )

/private/var/folders/mq/g4_4zbjd2_j9n60c3kjvqpw8kxwj8l/T/stack-dffa9bb7b97b2154/semigroupoids-5.1/Setup.lhs:46:69: warning: [-Wdeprecations]
    In the use of type constructor or class ‘InstalledPackageId’
    (imported from Distribution.Package):
    Deprecated: "Use UnitId instead"
[2 of 2] Compiling StackSetupShim   ( /Users/kitamura/.stack/setup-exe-src/setup-shim-mPHDZzAJ.hs, /private/var/folders/mq/g4_4zbjd2_j9n60c3kjvqpw8kxwj8l/T/stack-dffa9bb7b97b2154/semigroupoids-5.1/.stack-work/dist/x86_64-osx/Cabal-1.24.2.0/setup/StackSetupShim.o )
Linking /private/var/folders/mq/g4_4zbjd2_j9n60c3kjvqpw8kxwj8l/T/stack-dffa9bb7b97b2154/semigroupoids-5.1/.stack-work/dist/x86_64-osx/Cabal-1.24.2.0/setup/setup ...

In file included from /var/folders/mq/g4_4zbjd2_j9n60c3kjvqpw8kxwj8l/T/ghc74182_0/ghc_8.c:1:0: error:
    

In file included from /Users/kitamura/.stack/programs/x86_64-osx/ghc-8.0.2/lib/ghc-8.0.2/include/Rts.h:217:0: error:
    

/Users/kitamura/.stack/programs/x86_64-osx/ghc-8.0.2/lib/ghc-8.0.2/include/rts/storage/ClosureMacros.h:505:5: error:
     warning: macro expansion producing 'defined' has undefined behavior [-Wexpansion-to-defined]
#if ZERO_SLOP_FOR_LDV_PROF || ZERO_SLOP_FOR_SANITY_CHECK
    ^

/Users/kitamura/.stack/programs/x86_64-osx/ghc-8.0.2/lib/ghc-8.0.2/include/rts/storage/ClosureMacros.h:502:37: error:
     note: expanded from macro 'ZERO_SLOP_FOR_LDV_PROF'
#define ZERO_SLOP_FOR_LDV_PROF     (defined(PROFILING))
                                    ^

/Users/kitamura/.stack/programs/x86_64-osx/ghc-8.0.2/lib/ghc-8.0.2/include/rts/storage/ClosureMacros.h:505:31: error:
     warning: macro expansion producing 'defined' has undefined behavior [-Wexpansion-to-defined]
#if ZERO_SLOP_FOR_LDV_PROF || ZERO_SLOP_FOR_SANITY_CHECK
                              ^

/Users/kitamura/.stack/programs/x86_64-osx/ghc-8.0.2/lib/ghc-8.0.2/include/rts/storage/ClosureMacros.h:503:37: error:
     note: expanded from macro 'ZERO_SLOP_FOR_SANITY_CHECK'
#define ZERO_SLOP_FOR_SANITY_CHECK (defined(DEBUG) && !defined(THREADED_RTS))
                                    ^

/Users/kitamura/.stack/programs/x86_64-osx/ghc-8.0.2/lib/ghc-8.0.2/include/rts/storage/ClosureMacros.h:505:31: error:
     warning: macro expansion producing 'defined' has undefined behavior [-Wexpansion-to-defined]

/Users/kitamura/.stack/programs/x86_64-osx/ghc-8.0.2/lib/ghc-8.0.2/include/rts/storage/ClosureMacros.h:503:56: error:
     note: expanded from macro 'ZERO_SLOP_FOR_SANITY_CHECK'
#define ZERO_SLOP_FOR_SANITY_CHECK (defined(DEBUG) && !defined(THREADED_RTS))
                                                       ^

/Users/kitamura/.stack/programs/x86_64-osx/ghc-8.0.2/lib/ghc-8.0.2/include/rts/storage/ClosureMacros.h:523:5: error:
     warning: macro expansion producing 'defined' has undefined behavior [-Wexpansion-to-defined]
#if ZERO_SLOP_FOR_LDV_PROF && !ZERO_SLOP_FOR_SANITY_CHECK
    ^

/Users/kitamura/.stack/programs/x86_64-osx/ghc-8.0.2/lib/ghc-8.0.2/include/rts/storage/ClosureMacros.h:502:37: error:
     note: expanded from macro 'ZERO_SLOP_FOR_LDV_PROF'
#define ZERO_SLOP_FOR_LDV_PROF     (defined(PROFILING))
                                    ^

/Users/kitamura/.stack/programs/x86_64-osx/ghc-8.0.2/lib/ghc-8.0.2/include/rts/storage/ClosureMacros.h:523:32: error:
     warning: macro expansion producing 'defined' has undefined behavior [-Wexpansion-to-defined]
#if ZERO_SLOP_FOR_LDV_PROF && !ZERO_SLOP_FOR_SANITY_CHECK
                               ^

/Users/kitamura/.stack/programs/x86_64-osx/ghc-8.0.2/lib/ghc-8.0.2/include/rts/storage/ClosureMacros.h:503:37: error:
     note: expanded from macro 'ZERO_SLOP_FOR_SANITY_CHECK'
#define ZERO_SLOP_FOR_SANITY_CHECK (defined(DEBUG) && !defined(THREADED_RTS))
                                    ^

/Users/kitamura/.stack/programs/x86_64-osx/ghc-8.0.2/lib/ghc-8.0.2/include/rts/storage/ClosureMacros.h:523:32: error:
     warning: macro expansion producing 'defined' has undefined behavior [-Wexpansion-to-defined]

/Users/kitamura/.stack/programs/x86_64-osx/ghc-8.0.2/lib/ghc-8.0.2/include/rts/storage/ClosureMacros.h:503:56: error:
     note: expanded from macro 'ZERO_SLOP_FOR_SANITY_CHECK'
#define ZERO_SLOP_FOR_SANITY_CHECK (defined(DEBUG) && !defined(THREADED_RTS))
                                                       ^

/Users/kitamura/.stack/programs/x86_64-osx/ghc-8.0.2/lib/ghc-8.0.2/include/rts/storage/ClosureMacros.h:552:5: error:
     warning: macro expansion producing 'defined' has undefined behavior [-Wexpansion-to-defined]
#if ZERO_SLOP_FOR_LDV_PROF && !ZERO_SLOP_FOR_SANITY_CHECK
    ^

/Users/kitamura/.stack/programs/x86_64-osx/ghc-8.0.2/lib/ghc-8.0.2/include/rts/storage/ClosureMacros.h:502:37: error:
     note: expanded from macro 'ZERO_SLOP_FOR_LDV_PROF'
#define ZERO_SLOP_FOR_LDV_PROF     (defined(PROFILING))
                                    ^

/Users/kitamura/.stack/programs/x86_64-osx/ghc-8.0.2/lib/ghc-8.0.2/include/rts/storage/ClosureMacros.h:552:32: error:
     warning: macro expansion producing 'defined' has undefined behavior [-Wexpansion-to-defined]
#if ZERO_SLOP_FOR_LDV_PROF && !ZERO_SLOP_FOR_SANITY_CHECK
                               ^

/Users/kitamura/.stack/programs/x86_64-osx/ghc-8.0.2/lib/ghc-8.0.2/include/rts/storage/ClosureMacros.h:503:37: error:
     note: expanded from macro 'ZERO_SLOP_FOR_SANITY_CHECK'
#define ZERO_SLOP_FOR_SANITY_CHECK (defined(DEBUG) && !defined(THREADED_RTS))
                                    ^

/Users/kitamura/.stack/programs/x86_64-osx/ghc-8.0.2/lib/ghc-8.0.2/include/rts/storage/ClosureMacros.h:552:32: error:
     warning: macro expansion producing 'defined' has undefined behavior [-Wexpansion-to-defined]

/Users/kitamura/.stack/programs/x86_64-osx/ghc-8.0.2/lib/ghc-8.0.2/include/rts/storage/ClosureMacros.h:503:56: error:
     note: expanded from macro 'ZERO_SLOP_FOR_SANITY_CHECK'
#define ZERO_SLOP_FOR_SANITY_CHECK (defined(DEBUG) && !defined(THREADED_RTS))
                                                       ^
9 warnings generated.
clang: warning: argument unused during compilation: '-nopie' [-Wunused-command-line-argument]
Configuring semigroupoids-5.1...
Building semigroupoids-5.1...
Preprocessing library semigroupoids-5.1...
[ 1 of 21] Compiling Data.Traversable.Instances ( src/Data/Traversable/Instances.hs, .stack-work/dist/x86_64-osx/Cabal-1.24.2.0/build/Data/Traversable/Instances.o )
[ 2 of 21] Compiling Data.Semigroup.Foldable.Class ( src/Data/Semigroup/Foldable/Class.hs, .stack-work/dist/x86_64-osx/Cabal-1.24.2.0/build/Data/Semigroup/Foldable/Class.o )
[ 3 of 21] Compiling Data.Functor.Extend ( src/Data/Functor/Extend.hs, .stack-work/dist/x86_64-osx/Cabal-1.24.2.0/build/Data/Functor/Extend.o )
[ 4 of 21] Compiling Data.Functor.Bind.Class ( src/Data/Functor/Bind/Class.hs, .stack-work/dist/x86_64-osx/Cabal-1.24.2.0/build/Data/Functor/Bind/Class.o )
[ 5 of 21] Compiling Data.Functor.Apply ( src/Data/Functor/Apply.hs, .stack-work/dist/x86_64-osx/Cabal-1.24.2.0/build/Data/Functor/Apply.o )
[ 6 of 21] Compiling Data.Functor.Bind ( src/Data/Functor/Bind.hs, .stack-work/dist/x86_64-osx/Cabal-1.24.2.0/build/Data/Functor/Bind.o )
[ 7 of 21] Compiling Data.Functor.Bind.Trans ( src/Data/Functor/Bind/Trans.hs, .stack-work/dist/x86_64-osx/Cabal-1.24.2.0/build/Data/Functor/Bind/Trans.o )
[ 8 of 21] Compiling Data.Semigroupoid ( src/Data/Semigroupoid.hs, .stack-work/dist/x86_64-osx/Cabal-1.24.2.0/build/Data/Semigroupoid.o )
[ 9 of 21] Compiling Data.Semigroupoid.Dual ( src/Data/Semigroupoid/Dual.hs, .stack-work/dist/x86_64-osx/Cabal-1.24.2.0/build/Data/Semigroupoid/Dual.o )
[10 of 21] Compiling Data.Groupoid    ( src/Data/Groupoid.hs, .stack-work/dist/x86_64-osx/Cabal-1.24.2.0/build/Data/Groupoid.o )
[11 of 21] Compiling Data.Isomorphism ( src/Data/Isomorphism.hs, .stack-work/dist/x86_64-osx/Cabal-1.24.2.0/build/Data/Isomorphism.o )
[12 of 21] Compiling Data.Semigroupoid.Ob ( src/Data/Semigroupoid/Ob.hs, .stack-work/dist/x86_64-osx/Cabal-1.24.2.0/build/Data/Semigroupoid/Ob.o )
[13 of 21] Compiling Data.Semigroup.Bifoldable ( src/Data/Semigroup/Bifoldable.hs, .stack-work/dist/x86_64-osx/Cabal-1.24.2.0/build/Data/Semigroup/Bifoldable.o )
[14 of 21] Compiling Data.Functor.Alt ( src/Data/Functor/Alt.hs, .stack-work/dist/x86_64-osx/Cabal-1.24.2.0/build/Data/Functor/Alt.o )
[15 of 21] Compiling Data.Functor.Plus ( src/Data/Functor/Plus.hs, .stack-work/dist/x86_64-osx/Cabal-1.24.2.0/build/Data/Functor/Plus.o )
[16 of 21] Compiling Data.Semigroupoid.Static ( src/Data/Semigroupoid/Static.hs, .stack-work/dist/x86_64-osx/Cabal-1.24.2.0/build/Data/Semigroupoid/Static.o )
[17 of 21] Compiling Data.Semigroup.Foldable ( src/Data/Semigroup/Foldable.hs, .stack-work/dist/x86_64-osx/Cabal-1.24.2.0/build/Data/Semigroup/Foldable.o )
[18 of 21] Compiling Data.Semigroup.Traversable.Class ( src/Data/Semigroup/Traversable/Class.hs, .stack-work/dist/x86_64-osx/Cabal-1.24.2.0/build/Data/Semigroup/Traversable/Class.o )
[19 of 21] Compiling Data.Semigroup.Bitraversable ( src/Data/Semigroup/Bitraversable.hs, .stack-work/dist/x86_64-osx/Cabal-1.24.2.0/build/Data/Semigroup/Bitraversable.o )
[20 of 21] Compiling Data.Semigroup.Traversable ( src/Data/Semigroup/Traversable.hs, .stack-work/dist/x86_64-osx/Cabal-1.24.2.0/build/Data/Semigroup/Traversable.o )
[21 of 21] Compiling Data.Bifunctor.Apply ( src/Data/Bifunctor/Apply.hs, .stack-work/dist/x86_64-osx/Cabal-1.24.2.0/build/Data/Bifunctor/Apply.o )
Installing library in
/Users/kitamura/.stack/snapshots/x86_64-osx/lts-8.24/8.0.2/lib/x86_64-osx-ghc-8.0.2/semigroupoids-5.1-G6hp8hbTJmG326ffvAeaw8
Registering semigroupoids-5.1...
