[1 of 2] Compiling Main             ( /private/var/folders/mq/g4_4zbjd2_j9n60c3kjvqpw8kxwj8l/T/stack-9db1fd9c26a85781/unix-time-0.3.7/Setup.hs, /private/var/folders/mq/g4_4zbjd2_j9n60c3kjvqpw8kxwj8l/T/stack-9db1fd9c26a85781/unix-time-0.3.7/.stack-work/dist/x86_64-osx/Cabal-1.24.2.0/setup/Main.o )
[2 of 2] Compiling StackSetupShim   ( /Users/kitamura/.stack/setup-exe-src/setup-shim-mPHDZzAJ.hs, /private/var/folders/mq/g4_4zbjd2_j9n60c3kjvqpw8kxwj8l/T/stack-9db1fd9c26a85781/unix-time-0.3.7/.stack-work/dist/x86_64-osx/Cabal-1.24.2.0/setup/StackSetupShim.o )
Linking /private/var/folders/mq/g4_4zbjd2_j9n60c3kjvqpw8kxwj8l/T/stack-9db1fd9c26a85781/unix-time-0.3.7/.stack-work/dist/x86_64-osx/Cabal-1.24.2.0/setup/setup ...

In file included from /var/folders/mq/g4_4zbjd2_j9n60c3kjvqpw8kxwj8l/T/ghc63123_0/ghc_7.c:1:0: error:
    

In file included from /Users/kitamura/.stack/programs/x86_64-osx/ghc-8.0.2/lib/ghc-8.0.2/include/Rts.h:217:0: error:
    

/Users/kitamura/.stack/programs/x86_64-osx/ghc-8.0.2/lib/ghc-8.0.2/include/rts/storage/ClosureMacros.h:505:5: error:
     warning: macro expansion producing 'defined' has undefined behavior [-Wexpansion-to-defined]
#if ZERO_SLOP_FOR_LDV_PROF || ZERO_SLOP_FOR_SANITY_CHECK
    ^

/Users/kitamura/.stack/programs/x86_64-osx/ghc-8.0.2/lib/ghc-8.0.2/include/rts/storage/ClosureMacros.h:502:37: error:
     note: expanded from macro 'ZERO_SLOP_FOR_LDV_PROF'
#define ZERO_SLOP_FOR_LDV_PROF     (defined(PROFILING))
                                    ^

/Users/kitamura/.stack/programs/x86_64-osx/ghc-8.0.2/lib/ghc-8.0.2/include/rts/storage/ClosureMacros.h:505:31: error:
     warning: macro expansion producing 'defined' has undefined behavior [-Wexpansion-to-defined]
#if ZERO_SLOP_FOR_LDV_PROF || ZERO_SLOP_FOR_SANITY_CHECK
                              ^

/Users/kitamura/.stack/programs/x86_64-osx/ghc-8.0.2/lib/ghc-8.0.2/include/rts/storage/ClosureMacros.h:503:37: error:
     note: expanded from macro 'ZERO_SLOP_FOR_SANITY_CHECK'
#define ZERO_SLOP_FOR_SANITY_CHECK (defined(DEBUG) && !defined(THREADED_RTS))
                                    ^

/Users/kitamura/.stack/programs/x86_64-osx/ghc-8.0.2/lib/ghc-8.0.2/include/rts/storage/ClosureMacros.h:505:31: error:
     warning: macro expansion producing 'defined' has undefined behavior [-Wexpansion-to-defined]

/Users/kitamura/.stack/programs/x86_64-osx/ghc-8.0.2/lib/ghc-8.0.2/include/rts/storage/ClosureMacros.h:503:56: error:
     note: expanded from macro 'ZERO_SLOP_FOR_SANITY_CHECK'
#define ZERO_SLOP_FOR_SANITY_CHECK (defined(DEBUG) && !defined(THREADED_RTS))
                                                       ^

/Users/kitamura/.stack/programs/x86_64-osx/ghc-8.0.2/lib/ghc-8.0.2/include/rts/storage/ClosureMacros.h:523:5: error:
     warning: macro expansion producing 'defined' has undefined behavior [-Wexpansion-to-defined]
#if ZERO_SLOP_FOR_LDV_PROF && !ZERO_SLOP_FOR_SANITY_CHECK
    ^

/Users/kitamura/.stack/programs/x86_64-osx/ghc-8.0.2/lib/ghc-8.0.2/include/rts/storage/ClosureMacros.h:502:37: error:
     note: expanded from macro 'ZERO_SLOP_FOR_LDV_PROF'
#define ZERO_SLOP_FOR_LDV_PROF     (defined(PROFILING))
                                    ^

/Users/kitamura/.stack/programs/x86_64-osx/ghc-8.0.2/lib/ghc-8.0.2/include/rts/storage/ClosureMacros.h:523:32: error:
     warning: macro expansion producing 'defined' has undefined behavior [-Wexpansion-to-defined]
#if ZERO_SLOP_FOR_LDV_PROF && !ZERO_SLOP_FOR_SANITY_CHECK
                               ^

/Users/kitamura/.stack/programs/x86_64-osx/ghc-8.0.2/lib/ghc-8.0.2/include/rts/storage/ClosureMacros.h:503:37: error:
     note: expanded from macro 'ZERO_SLOP_FOR_SANITY_CHECK'
#define ZERO_SLOP_FOR_SANITY_CHECK (defined(DEBUG) && !defined(THREADED_RTS))
                                    ^

/Users/kitamura/.stack/programs/x86_64-osx/ghc-8.0.2/lib/ghc-8.0.2/include/rts/storage/ClosureMacros.h:523:32: error:
     warning: macro expansion producing 'defined' has undefined behavior [-Wexpansion-to-defined]

/Users/kitamura/.stack/programs/x86_64-osx/ghc-8.0.2/lib/ghc-8.0.2/include/rts/storage/ClosureMacros.h:503:56: error:
     note: expanded from macro 'ZERO_SLOP_FOR_SANITY_CHECK'
#define ZERO_SLOP_FOR_SANITY_CHECK (defined(DEBUG) && !defined(THREADED_RTS))
                                                       ^

/Users/kitamura/.stack/programs/x86_64-osx/ghc-8.0.2/lib/ghc-8.0.2/include/rts/storage/ClosureMacros.h:552:5: error:
     warning: macro expansion producing 'defined' has undefined behavior [-Wexpansion-to-defined]
#if ZERO_SLOP_FOR_LDV_PROF && !ZERO_SLOP_FOR_SANITY_CHECK
    ^

/Users/kitamura/.stack/programs/x86_64-osx/ghc-8.0.2/lib/ghc-8.0.2/include/rts/storage/ClosureMacros.h:502:37: error:
     note: expanded from macro 'ZERO_SLOP_FOR_LDV_PROF'
#define ZERO_SLOP_FOR_LDV_PROF     (defined(PROFILING))
                                    ^

/Users/kitamura/.stack/programs/x86_64-osx/ghc-8.0.2/lib/ghc-8.0.2/include/rts/storage/ClosureMacros.h:552:32: error:
     warning: macro expansion producing 'defined' has undefined behavior [-Wexpansion-to-defined]
#if ZERO_SLOP_FOR_LDV_PROF && !ZERO_SLOP_FOR_SANITY_CHECK
                               ^

/Users/kitamura/.stack/programs/x86_64-osx/ghc-8.0.2/lib/ghc-8.0.2/include/rts/storage/ClosureMacros.h:503:37: error:
     note: expanded from macro 'ZERO_SLOP_FOR_SANITY_CHECK'
#define ZERO_SLOP_FOR_SANITY_CHECK (defined(DEBUG) && !defined(THREADED_RTS))
                                    ^

/Users/kitamura/.stack/programs/x86_64-osx/ghc-8.0.2/lib/ghc-8.0.2/include/rts/storage/ClosureMacros.h:552:32: error:
     warning: macro expansion producing 'defined' has undefined behavior [-Wexpansion-to-defined]

/Users/kitamura/.stack/programs/x86_64-osx/ghc-8.0.2/lib/ghc-8.0.2/include/rts/storage/ClosureMacros.h:503:56: error:
     note: expanded from macro 'ZERO_SLOP_FOR_SANITY_CHECK'
#define ZERO_SLOP_FOR_SANITY_CHECK (defined(DEBUG) && !defined(THREADED_RTS))
                                                       ^
9 warnings generated.
clang: warning: argument unused during compilation: '-nopie' [-Wunused-command-line-argument]
Configuring unix-time-0.3.7...
checking for gcc... /usr/bin/gcc
checking whether the C compiler works... yes
checking for C compiler default output file name... a.out
checking for suffix of executables... 
checking whether we are cross compiling... no
checking for suffix of object files... o
checking whether we are using the GNU C compiler... yes
checking whether /usr/bin/gcc accepts -g... yes
checking for /usr/bin/gcc option to accept ISO C89... none needed
checking how to run the C preprocessor... /usr/bin/gcc -E
checking for grep that handles long lines and -e... /usr/bin/grep
checking for egrep... /usr/bin/grep -E
checking for ANSI C header files... yes
checking for sys/types.h... yes
checking for sys/stat.h... yes
checking for stdlib.h... yes
checking for string.h... yes
checking for memory.h... yes
checking for strings.h... yes
checking for inttypes.h... yes
checking for stdint.h... yes
checking for unistd.h... yes
checking xlocale.h usability... yes
checking xlocale.h presence... yes
checking for xlocale.h... yes
checking for strptime_l... yes
checking for timegm... yes
configure: creating ./config.status
config.status: creating cbits/config.h
Building unix-time-0.3.7...
Preprocessing library unix-time-0.3.7...
[1 of 5] Compiling Data.UnixTime.Types ( .stack-work/dist/x86_64-osx/Cabal-1.24.2.0/build/Data/UnixTime/Types.hs, .stack-work/dist/x86_64-osx/Cabal-1.24.2.0/build/Data/UnixTime/Types.o )
[2 of 5] Compiling Data.UnixTime.Sys ( .stack-work/dist/x86_64-osx/Cabal-1.24.2.0/build/Data/UnixTime/Sys.hs, .stack-work/dist/x86_64-osx/Cabal-1.24.2.0/build/Data/UnixTime/Sys.o )
[3 of 5] Compiling Data.UnixTime.Diff ( Data/UnixTime/Diff.hs, .stack-work/dist/x86_64-osx/Cabal-1.24.2.0/build/Data/UnixTime/Diff.o )
[4 of 5] Compiling Data.UnixTime.Conv ( Data/UnixTime/Conv.hs, .stack-work/dist/x86_64-osx/Cabal-1.24.2.0/build/Data/UnixTime/Conv.o )

Data/UnixTime/Conv.hs:11:1: warning: [-Wunused-imports]
    The import of ‘Control.Applicative’ is redundant
      except perhaps to import instances from ‘Control.Applicative’
    To import instances alone, use: import Control.Applicative()
[5 of 5] Compiling Data.UnixTime    ( Data/UnixTime.hs, .stack-work/dist/x86_64-osx/Cabal-1.24.2.0/build/Data/UnixTime.o )
Installing library in
/Users/kitamura/.stack/snapshots/x86_64-osx/lts-8.24/8.0.2/lib/x86_64-osx-ghc-8.0.2/unix-time-0.3.7-EhnEKT4D7hJajV74Sk5BE
Registering unix-time-0.3.7...
